2021-01-17 14:17:34.263  INFO 12024 --- [main] sy.amjad.sales.SalesApplication          : Starting SalesApplication using Java 14.0.1 on DESKTOP-LMBD1IO with PID 12024 (G:\Maids cc quiz\sales\build\classes\java\main started by Ja3far in G:\Maids cc quiz\sales)
2021-01-17 14:17:34.269  INFO 12024 --- [main] sy.amjad.sales.SalesApplication          : No active profile set, falling back to default profiles: default
2021-01-17 14:17:35.825  INFO 12024 --- [main] .s.d.r.c.RepositoryConfigurationDelegate : Bootstrapping Spring Data JPA repositories in DEFAULT mode.
2021-01-17 14:17:35.930  INFO 12024 --- [main] .s.d.r.c.RepositoryConfigurationDelegate : Finished Spring Data repository scanning in 95 ms. Found 3 JPA repository interfaces.
2021-01-17 14:17:36.738  INFO 12024 --- [main] o.s.b.w.embedded.tomcat.TomcatWebServer  : Tomcat initialized with port(s): 8080 (http)
2021-01-17 14:17:36.753  INFO 12024 --- [main] o.apache.catalina.core.StandardService   : Starting service [Tomcat]
2021-01-17 14:17:36.754  INFO 12024 --- [main] org.apache.catalina.core.StandardEngine  : Starting Servlet engine: [Apache Tomcat/9.0.41]
2021-01-17 14:17:37.003  INFO 12024 --- [main] o.a.c.c.C.[Tomcat].[localhost].[/]       : Initializing Spring embedded WebApplicationContext
2021-01-17 14:17:37.003  INFO 12024 --- [main] w.s.c.ServletWebServerApplicationContext : Root WebApplicationContext: initialization completed in 2672 ms
2021-01-17 14:17:37.835  INFO 12024 --- [main] com.zaxxer.hikari.HikariDataSource       : HikariPool-1 - Starting...
2021-01-17 14:17:38.161  INFO 12024 --- [main] com.zaxxer.hikari.HikariDataSource       : HikariPool-1 - Start completed.
2021-01-17 14:17:39.941  INFO 12024 --- [main] j.LocalContainerEntityManagerFactoryBean : Initialized JPA EntityManagerFactory for persistence unit 'default'
2021-01-17 14:17:41.089  WARN 12024 --- [main] JpaBaseConfiguration$JpaWebConfiguration : spring.jpa.open-in-view is enabled by default. Therefore, database queries may be performed during view rendering. Explicitly configure spring.jpa.open-in-view to disable this warning
2021-01-17 14:17:41.628  INFO 12024 --- [main] o.s.s.concurrent.ThreadPoolTaskExecutor  : Initializing ExecutorService 'applicationTaskExecutor'
2021-01-17 14:17:42.011  INFO 12024 --- [main] o.s.b.w.embedded.tomcat.TomcatWebServer  : Tomcat started on port(s): 8080 (http) with context path ''
2021-01-17 14:17:42.668  INFO 12024 --- [main] sy.amjad.sales.SalesApplication          : Started SalesApplication in 9.048 seconds (JVM running for 9.914)
2021-01-17 14:17:57.202  INFO 12024 --- [http-nio-8080-exec-2] o.a.c.c.C.[Tomcat].[localhost].[/]       : Initializing Spring DispatcherServlet 'dispatcherServlet'
2021-01-17 14:17:57.203  INFO 12024 --- [http-nio-8080-exec-2] o.s.web.servlet.DispatcherServlet        : Initializing Servlet 'dispatcherServlet'
2021-01-17 14:17:57.206  INFO 12024 --- [http-nio-8080-exec-2] o.s.web.servlet.DispatcherServlet        : Completed initialization in 2 ms
2021-01-17 14:17:57.253  INFO 12024 --- [http-nio-8080-exec-2] s.a.sales.controllers.ClientController   : this is a info message from client controller
